  Adaptacion.cpp
D:\Universidad - Cris\Videojuegos\Universidad del Litoral\MAVI\Practica_Unidad_4\Practico_Unidad_4\Adaptación\Adaptacion.cpp(37,56): error C2672: 'std::min': no se encontró una función sobrecargada que coincida
C:\Program Files\Microsoft Visual Studio\2022\Professional\VC\Tools\MSVC\14.37.32822\include\utility(78,26): message : puede ser '_Ty std::min(std::initializer_list<_Elem>)'
D:\Universidad - Cris\Videojuegos\Universidad del Litoral\MAVI\Practica_Unidad_4\Practico_Unidad_4\Adaptación\Adaptacion.cpp(37,56): message : "_Ty std::min(std::initializer_list<_Elem>)": espera 1 argumentos - 2 proporcionado
C:\Program Files\Microsoft Visual Studio\2022\Professional\VC\Tools\MSVC\14.37.32822\include\utility(75,26): message : o       '_Ty std::min(std::initializer_list<_Elem>,_Pr)'
D:\Universidad - Cris\Videojuegos\Universidad del Litoral\MAVI\Practica_Unidad_4\Practico_Unidad_4\Adaptación\Adaptacion.cpp(37,56): message : "_Ty std::min(std::initializer_list<_Elem>,_Pr)": no se pudo deducir el argumento plantilla para "std::initializer_list<_Elem>" de "const int"
C:\Program Files\Microsoft Visual Studio\2022\Professional\VC\Tools\MSVC\14.37.32822\include\utility(68,6): message : o       'const _Ty &std::min(const _Ty &,const _Ty &) noexcept(<expr>)'
D:\Universidad - Cris\Videojuegos\Universidad del Litoral\MAVI\Practica_Unidad_4\Practico_Unidad_4\Adaptación\Adaptacion.cpp(37,56): message : "const _Ty &std::min(const _Ty &,const _Ty &) noexcept(<expr>)": el parámetro de plantilla "_Ty" es ambiguo
D:\Universidad - Cris\Videojuegos\Universidad del Litoral\MAVI\Practica_Unidad_4\Practico_Unidad_4\Adaptación\Adaptacion.cpp(37,56): message : puede ser 'unsigned int'
D:\Universidad - Cris\Videojuegos\Universidad del Litoral\MAVI\Practica_Unidad_4\Practico_Unidad_4\Adaptación\Adaptacion.cpp(37,56): message : o       'int'
D:\Universidad - Cris\Videojuegos\Universidad del Litoral\MAVI\Practica_Unidad_4\Practico_Unidad_4\Adaptación\Adaptacion.cpp(37,56): message : "const _Ty &std::min(const _Ty &,const _Ty &) noexcept(<expr>)": no se pudo deducir el argumento plantilla para "const _Ty &" de "unsigned int"
C:\Program Files\Microsoft Visual Studio\2022\Professional\VC\Tools\MSVC\14.37.32822\include\utility(58,33): message : o       'const _Ty &std::min(const _Ty &,const _Ty &,_Pr) noexcept(<expr>)'
D:\Universidad - Cris\Videojuegos\Universidad del Litoral\MAVI\Practica_Unidad_4\Practico_Unidad_4\Adaptación\Adaptacion.cpp(37,56): message : "const _Ty &std::min(const _Ty &,const _Ty &,_Pr) noexcept(<expr>)": espera 3 argumentos - 2 proporcionado
D:\Universidad - Cris\Videojuegos\Universidad del Litoral\MAVI\Practica_Unidad_4\Practico_Unidad_4\Adaptación\Adaptacion.cpp(37,87): error C2143: error de sintaxis: falta ')' delante de ';'
D:\Universidad - Cris\Videojuegos\Universidad del Litoral\MAVI\Practica_Unidad_4\Practico_Unidad_4\Adaptación\Adaptacion.cpp(37,37): error C2672: 'std::max': no se encontró una función sobrecargada que coincida
C:\Program Files\Microsoft Visual Studio\2022\Professional\VC\Tools\MSVC\14.37.32822\include\utility(55,26): message : puede ser '_Ty std::max(std::initializer_list<_Elem>)'
D:\Universidad - Cris\Videojuegos\Universidad del Litoral\MAVI\Practica_Unidad_4\Practico_Unidad_4\Adaptación\Adaptacion.cpp(37,37): message : "_Ty std::max(std::initializer_list<_Elem>)": no se pudo deducir el argumento plantilla para "std::initializer_list<_Elem>" de "const int"
C:\Program Files\Microsoft Visual Studio\2022\Professional\VC\Tools\MSVC\14.37.32822\include\utility(52,26): message : o       '_Ty std::max(std::initializer_list<_Elem>,_Pr)'
D:\Universidad - Cris\Videojuegos\Universidad del Litoral\MAVI\Practica_Unidad_4\Practico_Unidad_4\Adaptación\Adaptacion.cpp(37,37): message : "_Ty std::max(std::initializer_list<_Elem>,_Pr)": espera 2 argumentos - 1 proporcionado
C:\Program Files\Microsoft Visual Studio\2022\Professional\VC\Tools\MSVC\14.37.32822\include\utility(45,6): message : o       'const _Ty &std::max(const _Ty &,const _Ty &) noexcept(<expr>)'
D:\Universidad - Cris\Videojuegos\Universidad del Litoral\MAVI\Practica_Unidad_4\Practico_Unidad_4\Adaptación\Adaptacion.cpp(37,37): message : "const _Ty &std::max(const _Ty &,const _Ty &) noexcept(<expr>)": espera 2 argumentos - 1 proporcionado
C:\Program Files\Microsoft Visual Studio\2022\Professional\VC\Tools\MSVC\14.37.32822\include\utility(35,33): message : o       'const _Ty &std::max(const _Ty &,const _Ty &,_Pr) noexcept(<expr>)'
D:\Universidad - Cris\Videojuegos\Universidad del Litoral\MAVI\Practica_Unidad_4\Practico_Unidad_4\Adaptación\Adaptacion.cpp(37,37): message : "const _Ty &std::max(const _Ty &,const _Ty &,_Pr) noexcept(<expr>)": espera 3 argumentos - 1 proporcionado
D:\Universidad - Cris\Videojuegos\Universidad del Litoral\MAVI\Practica_Unidad_4\Practico_Unidad_4\Adaptación\Adaptacion.cpp(38,58): error C2672: 'std::min': no se encontró una función sobrecargada que coincida
C:\Program Files\Microsoft Visual Studio\2022\Professional\VC\Tools\MSVC\14.37.32822\include\utility(78,26): message : puede ser '_Ty std::min(std::initializer_list<_Elem>)'
D:\Universidad - Cris\Videojuegos\Universidad del Litoral\MAVI\Practica_Unidad_4\Practico_Unidad_4\Adaptación\Adaptacion.cpp(38,58): message : "_Ty std::min(std::initializer_list<_Elem>)": espera 1 argumentos - 2 proporcionado
C:\Program Files\Microsoft Visual Studio\2022\Professional\VC\Tools\MSVC\14.37.32822\include\utility(75,26): message : o       '_Ty std::min(std::initializer_list<_Elem>,_Pr)'
D:\Universidad - Cris\Videojuegos\Universidad del Litoral\MAVI\Practica_Unidad_4\Practico_Unidad_4\Adaptación\Adaptacion.cpp(38,58): message : "_Ty std::min(std::initializer_list<_Elem>,_Pr)": no se pudo deducir el argumento plantilla para "std::initializer_list<_Elem>" de "const int"
C:\Program Files\Microsoft Visual Studio\2022\Professional\VC\Tools\MSVC\14.37.32822\include\utility(68,6): message : o       'const _Ty &std::min(const _Ty &,const _Ty &) noexcept(<expr>)'
D:\Universidad - Cris\Videojuegos\Universidad del Litoral\MAVI\Practica_Unidad_4\Practico_Unidad_4\Adaptación\Adaptacion.cpp(38,58): message : "const _Ty &std::min(const _Ty &,const _Ty &) noexcept(<expr>)": el parámetro de plantilla "_Ty" es ambiguo
D:\Universidad - Cris\Videojuegos\Universidad del Litoral\MAVI\Practica_Unidad_4\Practico_Unidad_4\Adaptación\Adaptacion.cpp(38,58): message : puede ser 'unsigned int'
D:\Universidad - Cris\Videojuegos\Universidad del Litoral\MAVI\Practica_Unidad_4\Practico_Unidad_4\Adaptación\Adaptacion.cpp(38,58): message : o       'int'
D:\Universidad - Cris\Videojuegos\Universidad del Litoral\MAVI\Practica_Unidad_4\Practico_Unidad_4\Adaptación\Adaptacion.cpp(38,58): message : "const _Ty &std::min(const _Ty &,const _Ty &) noexcept(<expr>)": no se pudo deducir el argumento plantilla para "const _Ty &" de "unsigned int"
C:\Program Files\Microsoft Visual Studio\2022\Professional\VC\Tools\MSVC\14.37.32822\include\utility(58,33): message : o       'const _Ty &std::min(const _Ty &,const _Ty &,_Pr) noexcept(<expr>)'
D:\Universidad - Cris\Videojuegos\Universidad del Litoral\MAVI\Practica_Unidad_4\Practico_Unidad_4\Adaptación\Adaptacion.cpp(38,58): message : "const _Ty &std::min(const _Ty &,const _Ty &,_Pr) noexcept(<expr>)": espera 3 argumentos - 2 proporcionado
D:\Universidad - Cris\Videojuegos\Universidad del Litoral\MAVI\Practica_Unidad_4\Practico_Unidad_4\Adaptación\Adaptacion.cpp(38,91): error C2143: error de sintaxis: falta ')' delante de ';'
D:\Universidad - Cris\Videojuegos\Universidad del Litoral\MAVI\Practica_Unidad_4\Practico_Unidad_4\Adaptación\Adaptacion.cpp(38,38): error C2672: 'std::max': no se encontró una función sobrecargada que coincida
C:\Program Files\Microsoft Visual Studio\2022\Professional\VC\Tools\MSVC\14.37.32822\include\utility(55,26): message : puede ser '_Ty std::max(std::initializer_list<_Elem>)'
D:\Universidad - Cris\Videojuegos\Universidad del Litoral\MAVI\Practica_Unidad_4\Practico_Unidad_4\Adaptación\Adaptacion.cpp(38,38): message : "_Ty std::max(std::initializer_list<_Elem>)": no se pudo deducir el argumento plantilla para "std::initializer_list<_Elem>" de "const int"
C:\Program Files\Microsoft Visual Studio\2022\Professional\VC\Tools\MSVC\14.37.32822\include\utility(52,26): message : o       '_Ty std::max(std::initializer_list<_Elem>,_Pr)'
D:\Universidad - Cris\Videojuegos\Universidad del Litoral\MAVI\Practica_Unidad_4\Practico_Unidad_4\Adaptación\Adaptacion.cpp(38,38): message : "_Ty std::max(std::initializer_list<_Elem>,_Pr)": espera 2 argumentos - 1 proporcionado
C:\Program Files\Microsoft Visual Studio\2022\Professional\VC\Tools\MSVC\14.37.32822\include\utility(45,6): message : o       'const _Ty &std::max(const _Ty &,const _Ty &) noexcept(<expr>)'
D:\Universidad - Cris\Videojuegos\Universidad del Litoral\MAVI\Practica_Unidad_4\Practico_Unidad_4\Adaptación\Adaptacion.cpp(38,38): message : "const _Ty &std::max(const _Ty &,const _Ty &) noexcept(<expr>)": espera 2 argumentos - 1 proporcionado
C:\Program Files\Microsoft Visual Studio\2022\Professional\VC\Tools\MSVC\14.37.32822\include\utility(35,33): message : o       'const _Ty &std::max(const _Ty &,const _Ty &,_Pr) noexcept(<expr>)'
D:\Universidad - Cris\Videojuegos\Universidad del Litoral\MAVI\Practica_Unidad_4\Practico_Unidad_4\Adaptación\Adaptacion.cpp(38,38): message : "const _Ty &std::max(const _Ty &,const _Ty &,_Pr) noexcept(<expr>)": espera 3 argumentos - 1 proporcionado
