  Juego.h
D:\Universidad - Cris\Videojuegos\Universidad del Litoral\MAVI\Practica_Unidad_4\Practico_Unidad_4\Crosshair\Juego.h(5,1): error C2628: 'PlayerCrosshair' seguido de 'int' no es válido (¿ha olvidado ';'?)
D:\Universidad - Cris\Videojuegos\Universidad del Litoral\MAVI\Practica_Unidad_4\Practico_Unidad_4\Crosshair\Juego.h(5,5): error C3874: el tipo de valor devuelto de 'main' debe ser 'int' en lugar de 'PlayerCrosshair'
D:\Universidad - Cris\Videojuegos\Universidad del Litoral\MAVI\Practica_Unidad_4\Practico_Unidad_4\Crosshair\Juego.h(13,9): error C2440: 'return': no se puede realizar la conversión de 'int' a 'PlayerCrosshair'
D:\Universidad - Cris\Videojuegos\Universidad del Litoral\MAVI\Practica_Unidad_4\Practico_Unidad_4\Crosshair\Juego.h(13,9): message : 'PlayerCrosshair::PlayerCrosshair':ninguna función sobrecargada pudo convertir todos los tipos de argumento
D:\Universidad - Cris\Videojuegos\Universidad del Litoral\MAVI\Practica_Unidad_4\Practico_Unidad_4\Crosshair\PlayerCrosshair.h(26,1): message : puede ser 'PlayerCrosshair::PlayerCrosshair(PlayerCrosshair &&)'
D:\Universidad - Cris\Videojuegos\Universidad del Litoral\MAVI\Practica_Unidad_4\Practico_Unidad_4\Crosshair\Juego.h(13,9): message : 'PlayerCrosshair::PlayerCrosshair(PlayerCrosshair &&)': el argumento 1 no puede convertirse de 'int' a 'PlayerCrosshair &&'
D:\Universidad - Cris\Videojuegos\Universidad del Litoral\MAVI\Practica_Unidad_4\Practico_Unidad_4\Crosshair\Juego.h(13,16): message : Razón: no se puede realizar la conversión de 'int' a 'PlayerCrosshair'
D:\Universidad - Cris\Videojuegos\Universidad del Litoral\MAVI\Practica_Unidad_4\Practico_Unidad_4\Crosshair\Juego.h(13,16): message : La conversión requiere un segundo operador de conversión definido por el usuario o constructor
D:\Universidad - Cris\Videojuegos\Universidad del Litoral\MAVI\Practica_Unidad_4\Practico_Unidad_4\Crosshair\PlayerCrosshair.h(26,1): message : o       'PlayerCrosshair::PlayerCrosshair(const PlayerCrosshair &)'
D:\Universidad - Cris\Videojuegos\Universidad del Litoral\MAVI\Practica_Unidad_4\Practico_Unidad_4\Crosshair\Juego.h(13,9): message : 'PlayerCrosshair::PlayerCrosshair(const PlayerCrosshair &)': el argumento 1 no puede convertirse de 'int' a 'const PlayerCrosshair &'
D:\Universidad - Cris\Videojuegos\Universidad del Litoral\MAVI\Practica_Unidad_4\Practico_Unidad_4\Crosshair\Juego.h(13,16): message : Razón: no se puede realizar la conversión de 'int' a 'const PlayerCrosshair'
D:\Universidad - Cris\Videojuegos\Universidad del Litoral\MAVI\Practica_Unidad_4\Practico_Unidad_4\Crosshair\Juego.h(13,16): message : La conversión requiere un segundo operador de conversión definido por el usuario o constructor
D:\Universidad - Cris\Videojuegos\Universidad del Litoral\MAVI\Practica_Unidad_4\Practico_Unidad_4\Crosshair\Juego.h(13,9): message : al hacer coincidir la lista de argumentos '(int)'
D:\Universidad - Cris\Videojuegos\Universidad del Litoral\MAVI\Practica_Unidad_4\Practico_Unidad_4\Crosshair\Juego.h(41,5): error C2440: 'return': no se puede realizar la conversión de 'int' a 'PlayerCrosshair'
D:\Universidad - Cris\Videojuegos\Universidad del Litoral\MAVI\Practica_Unidad_4\Practico_Unidad_4\Crosshair\Juego.h(41,5): message : 'PlayerCrosshair::PlayerCrosshair':ninguna función sobrecargada pudo convertir todos los tipos de argumento
D:\Universidad - Cris\Videojuegos\Universidad del Litoral\MAVI\Practica_Unidad_4\Practico_Unidad_4\Crosshair\PlayerCrosshair.h(26,1): message : puede ser 'PlayerCrosshair::PlayerCrosshair(PlayerCrosshair &&)'
D:\Universidad - Cris\Videojuegos\Universidad del Litoral\MAVI\Practica_Unidad_4\Practico_Unidad_4\Crosshair\Juego.h(41,5): message : 'PlayerCrosshair::PlayerCrosshair(PlayerCrosshair &&)': el argumento 1 no puede convertirse de 'int' a 'PlayerCrosshair &&'
D:\Universidad - Cris\Videojuegos\Universidad del Litoral\MAVI\Practica_Unidad_4\Practico_Unidad_4\Crosshair\Juego.h(41,12): message : Razón: no se puede realizar la conversión de 'int' a 'PlayerCrosshair'
D:\Universidad - Cris\Videojuegos\Universidad del Litoral\MAVI\Practica_Unidad_4\Practico_Unidad_4\Crosshair\Juego.h(41,12): message : La conversión requiere un segundo operador de conversión definido por el usuario o constructor
D:\Universidad - Cris\Videojuegos\Universidad del Litoral\MAVI\Practica_Unidad_4\Practico_Unidad_4\Crosshair\PlayerCrosshair.h(26,1): message : o       'PlayerCrosshair::PlayerCrosshair(const PlayerCrosshair &)'
D:\Universidad - Cris\Videojuegos\Universidad del Litoral\MAVI\Practica_Unidad_4\Practico_Unidad_4\Crosshair\Juego.h(41,5): message : 'PlayerCrosshair::PlayerCrosshair(const PlayerCrosshair &)': el argumento 1 no puede convertirse de 'int' a 'const PlayerCrosshair &'
D:\Universidad - Cris\Videojuegos\Universidad del Litoral\MAVI\Practica_Unidad_4\Practico_Unidad_4\Crosshair\Juego.h(41,12): message : Razón: no se puede realizar la conversión de 'int' a 'const PlayerCrosshair'
D:\Universidad - Cris\Videojuegos\Universidad del Litoral\MAVI\Practica_Unidad_4\Practico_Unidad_4\Crosshair\Juego.h(41,12): message : La conversión requiere un segundo operador de conversión definido por el usuario o constructor
D:\Universidad - Cris\Videojuegos\Universidad del Litoral\MAVI\Practica_Unidad_4\Practico_Unidad_4\Crosshair\Juego.h(41,5): message : al hacer coincidir la lista de argumentos '(int)'
  PlayerCrosshair.h
D:\Universidad - Cris\Videojuegos\Universidad del Litoral\MAVI\Practica_Unidad_4\Practico_Unidad_4\Crosshair\PlayerCrosshair.h(27,1): fatal  error C1004: se encontró un final de archivo no esperado
  Generando código...
